2023-04-05 12:21:59,762 - INFO - Extrayendo urls...
2023-04-05 12:22:03,597 - INFO - Urls extraidas con éxito
2023-04-05 12:22:03,599 - INFO - Mergeando datasets
2023-04-05 12:22:03,775 - INFO - Datasets mergeados con éxito
2023-04-05 12:22:42,054 - INFO - Extrayendo urls...
2023-04-05 12:22:45,625 - INFO - Urls extraidas con éxito
2023-04-05 12:22:45,626 - INFO - Mergeando datasets
2023-04-05 12:22:45,838 - INFO - Datasets mergeados con éxito
2023-04-05 12:23:08,995 - INFO - Extrayendo urls...
2023-04-05 12:23:12,178 - INFO - Urls extraidas con éxito
2023-04-05 12:23:12,179 - INFO - Mergeando datasets
2023-04-05 12:23:12,380 - INFO - Datasets mergeados con éxito
2023-04-11 11:41:22,022 - INFO - Extrayendo urls...
2023-04-11 11:41:22,740 - INFO - Urls extraidas con éxito
2023-04-11 11:41:22,742 - INFO - Mergeando datasets
2023-04-11 11:41:22,911 - INFO - Datasets mergeados con éxito
2023-04-11 11:45:50,121 - INFO - Extrayendo urls...
2023-04-11 11:45:50,843 - INFO - Urls extraidas con éxito
2023-04-11 11:45:50,845 - INFO - Mergeando datasets
2023-04-11 11:45:51,082 - INFO - Datasets mergeados con éxito
2023-04-11 15:45:17,661 - INFO - Extrayendo urls...
2023-04-11 15:45:18,411 - INFO - Urls extraidas con éxito
2023-04-11 15:45:18,414 - INFO - Mergeando datasets
2023-04-11 15:45:18,595 - INFO - Datasets mergeados con éxito
2023-04-12 10:10:51,113 - INFO - Extrayendo urls...
2023-04-12 10:10:51,576 - ERROR - No se pudo extraer las urls
2023-04-12 10:13:13,234 - INFO - Extrayendo urls...
2023-04-12 10:13:13,583 - ERROR - No se pudo extraer las urls
2023-04-12 10:14:27,510 - INFO - Extrayendo urls...
2023-04-12 10:14:27,841 - ERROR - No se pudo extraer las urls
2023-04-12 10:15:38,021 - INFO - Extrayendo urls...
2023-04-12 10:15:38,713 - INFO - Urls extraidas con éxito
2023-04-12 10:26:30,679 - INFO - Extrayendo urls...
2023-04-12 10:26:32,030 - INFO - Urls extraidas con éxito
2023-04-12 10:29:27,983 - INFO - Extrayendo urls...
2023-04-12 10:29:28,557 - INFO - Urls extraidas con éxito
2023-04-12 10:30:58,723 - INFO - Extrayendo urls...
2023-04-12 10:30:59,263 - INFO - Urls extraidas con éxito
2023-04-12 10:30:59,268 - INFO - Mergeando datasets
2023-04-12 10:31:28,494 - INFO - Extrayendo urls...
2023-04-12 10:31:50,282 - INFO - Urls extraidas con éxito
2023-04-12 10:31:50,284 - INFO - Mergeando datasets
2023-04-12 10:31:50,439 - INFO - Datasets mergeados con éxito
2023-04-12 10:43:26,069 - INFO - Extrayendo urls...
2023-04-12 10:43:26,802 - INFO - Urls extraidas con éxito
2023-04-12 10:43:26,807 - INFO - Mergeando datasets
2023-04-12 10:43:26,987 - INFO - Datasets mergeados con éxito
